<?xml version="1.0" encoding="utf-8"?><testsuites name="pytest tests"><testsuite name="pytest" errors="0" failures="0" skipped="0" tests="11" time="2.078" timestamp="2026-08-12T13:29:31.002707+00:00" hostname="agent-env-c05836ed-a4d3-45dc-85a4-bebeec0fdad3"><testcase classname="tests.test_history" name="test_history_requires_auth" time="0.251" /><testcase classname="tests.test_history" name="test_history_stats_requires_auth" time="0.108" /><testcase classname="tests.test_history" name="test_history_default_returns_total_8" time="0.124" /><testcase classname="tests.test_history" name="test_history_status_healthy" time="0.133" /><testcase classname="tests.test_history" name="test_history_status_diseased" time="0.113" /><testcase classname="tests.test_history" name="test_history_search_blight" time="0.131" /><testcase classname="tests.test_history" name="test_history_pagination_no_overlap" time="0.243" /><testcase classname="tests.test_history" name="test_history_limit_clamped_to_60" time="0.115" /><testcase classname="tests.test_history" name="test_history_stats_numbers" time="0.138" /><testcase classname="tests.test_history" name="test_delete_nonexistent_or_foreign_returns_zero" time="0.113" /><testcase classname="tests.test_history" name="test_delete_requires_auth" time="0.111" /></testsuite></testsuites>